<?xml version="1.0" encoding="UTF-8"?>
<!-- Generated by org.testng.reporters.JUnitReportReporter -->
<testsuite hostname="Nihansh" failures="0" tests="1" name="testCases.TC001_Test" time="3.988" errors="0" timestamp="2025-06-26T11:55:41 IST" skipped="0">
  <testcase classname="testCases.TC001_Test" name="testFlow" time="3.988"/>
</testsuite> <!-- testCases.TC001_Test -->
